
*** Running vivado
    with args -log COUNTER.vds -m64 -product Vivado -mode batch -messageDb vivado.pb -notrace -source COUNTER.tcl



****** Vivado v2020.2 (64-bit)
  **** SW Build 3064766 on Wed Nov 18 09:12:45 MST 2020
  **** IP Build 3064653 on Wed Nov 18 14:17:31 MST 2020
    ** Copyright 1986-2020 Xilinx, Inc. All Rights Reserved.

source COUNTER.tcl -notrace
Command: synth_design -top COUNTER -part xc7a35tcpg236-1
Starting synth_design
Attempting to get a license for feature 'Synthesis' and/or device 'xc7a35t'
INFO: [Common 17-349] Got license for feature 'Synthesis' and/or device 'xc7a35t'
INFO: [Device 21-403] Loading part xc7a35tcpg236-1
INFO: [Synth 8-7079] Multithreading enabled for synth_design using a maximum of 2 processes.
INFO: [Synth 8-7078] Launching helper process for spawning children vivado processes
INFO: [Synth 8-7075] Helper process launched with PID 13352
---------------------------------------------------------------------------------
Starting RTL Elaboration : Time (s): cpu = 00:00:06 ; elapsed = 00:00:08 . Memory (MB): peak = 1000.852 ; gain = 0.000
---------------------------------------------------------------------------------
INFO: [Synth 8-638] synthesizing module 'COUNTER' [C:/Users/Maciek/Documents/uklady_programowalne/reaction/reaction.srcs/sources_1/imports/new/COUNTER.vhd:44]
INFO: [Synth 8-3491] module 'FREQ_DEV' declared at 'C:/Users/Maciek/Documents/uklady_programowalne/reaction/reaction.srcs/sources_1/imports/new/FREQ_DEV.vhd:35' bound to instance 'f0' of component 'FREQ_DEV' [C:/Users/Maciek/Documents/uklady_programowalne/reaction/reaction.srcs/sources_1/imports/new/COUNTER.vhd:99]
INFO: [Synth 8-638] synthesizing module 'FREQ_DEV' [C:/Users/Maciek/Documents/uklady_programowalne/reaction/reaction.srcs/sources_1/imports/new/FREQ_DEV.vhd:40]
INFO: [Synth 8-256] done synthesizing module 'FREQ_DEV' (1#1) [C:/Users/Maciek/Documents/uklady_programowalne/reaction/reaction.srcs/sources_1/imports/new/FREQ_DEV.vhd:40]
INFO: [Synth 8-3491] module 'STATE_MACHINE' declared at 'C:/Users/Maciek/Documents/uklady_programowalne/reaction/reaction.srcs/sources_1/new/STATE_MACHINE.vhd:34' bound to instance 'sm0' of component 'STATE_MACHINE' [C:/Users/Maciek/Documents/uklady_programowalne/reaction/reaction.srcs/sources_1/imports/new/COUNTER.vhd:100]
INFO: [Synth 8-638] synthesizing module 'STATE_MACHINE' [C:/Users/Maciek/Documents/uklady_programowalne/reaction/reaction.srcs/sources_1/new/STATE_MACHINE.vhd:44]
INFO: [Synth 8-256] done synthesizing module 'STATE_MACHINE' (2#1) [C:/Users/Maciek/Documents/uklady_programowalne/reaction/reaction.srcs/sources_1/new/STATE_MACHINE.vhd:44]
INFO: [Synth 8-3491] module 'BCDCNT' declared at 'C:/Users/Maciek/Documents/uklady_programowalne/reaction/reaction.srcs/sources_1/imports/new/BCDCNT.vhd:35' bound to instance 'b0' of component 'BCDCNT' [C:/Users/Maciek/Documents/uklady_programowalne/reaction/reaction.srcs/sources_1/imports/new/COUNTER.vhd:101]
INFO: [Synth 8-638] synthesizing module 'BCDCNT' [C:/Users/Maciek/Documents/uklady_programowalne/reaction/reaction.srcs/sources_1/imports/new/BCDCNT.vhd:43]
INFO: [Synth 8-256] done synthesizing module 'BCDCNT' (3#1) [C:/Users/Maciek/Documents/uklady_programowalne/reaction/reaction.srcs/sources_1/imports/new/BCDCNT.vhd:43]
INFO: [Synth 8-3491] module 'BCDCNT' declared at 'C:/Users/Maciek/Documents/uklady_programowalne/reaction/reaction.srcs/sources_1/imports/new/BCDCNT.vhd:35' bound to instance 'b1' of component 'BCDCNT' [C:/Users/Maciek/Documents/uklady_programowalne/reaction/reaction.srcs/sources_1/imports/new/COUNTER.vhd:102]
INFO: [Synth 8-3491] module 'BCDCNT' declared at 'C:/Users/Maciek/Documents/uklady_programowalne/reaction/reaction.srcs/sources_1/imports/new/BCDCNT.vhd:35' bound to instance 'b2' of component 'BCDCNT' [C:/Users/Maciek/Documents/uklady_programowalne/reaction/reaction.srcs/sources_1/imports/new/COUNTER.vhd:103]
INFO: [Synth 8-3491] module 'BCDCNT' declared at 'C:/Users/Maciek/Documents/uklady_programowalne/reaction/reaction.srcs/sources_1/imports/new/BCDCNT.vhd:35' bound to instance 'b3' of component 'BCDCNT' [C:/Users/Maciek/Documents/uklady_programowalne/reaction/reaction.srcs/sources_1/imports/new/COUNTER.vhd:104]
INFO: [Synth 8-3491] module 'STEROWNIK_WYSWIETLACZ' declared at 'C:/Users/Maciek/Documents/uklady_programowalne/reaction/reaction.srcs/sources_1/imports/new/STEROWNIK_WYSWIETLACZ.vhd:4' bound to instance 's0' of component 'STEROWNIK_WYSWIETLACZ' [C:/Users/Maciek/Documents/uklady_programowalne/reaction/reaction.srcs/sources_1/imports/new/COUNTER.vhd:105]
INFO: [Synth 8-638] synthesizing module 'STEROWNIK_WYSWIETLACZ' [C:/Users/Maciek/Documents/uklady_programowalne/reaction/reaction.srcs/sources_1/imports/new/STEROWNIK_WYSWIETLACZ.vhd:17]
INFO: [Synth 8-3491] module 'COUNTER3B' declared at 'C:/Users/Maciek/Documents/uklady_programowalne/reaction/reaction.srcs/sources_1/imports/new/COUNTER3B.vhd:5' bound to instance 's0' of component 'COUNTER3B' [C:/Users/Maciek/Documents/uklady_programowalne/reaction/reaction.srcs/sources_1/imports/new/STEROWNIK_WYSWIETLACZ.vhd:64]
INFO: [Synth 8-638] synthesizing module 'COUNTER3B' [C:/Users/Maciek/Documents/uklady_programowalne/reaction/reaction.srcs/sources_1/imports/new/COUNTER3B.vhd:12]
INFO: [Synth 8-256] done synthesizing module 'COUNTER3B' (4#1) [C:/Users/Maciek/Documents/uklady_programowalne/reaction/reaction.srcs/sources_1/imports/new/COUNTER3B.vhd:12]
INFO: [Synth 8-3491] module 'MUX11' declared at 'C:/Users/Maciek/Documents/uklady_programowalne/reaction/reaction.srcs/sources_1/imports/new/MUX1.vhd:34' bound to instance 's1' of component 'MUX11' [C:/Users/Maciek/Documents/uklady_programowalne/reaction/reaction.srcs/sources_1/imports/new/STEROWNIK_WYSWIETLACZ.vhd:66]
INFO: [Synth 8-638] synthesizing module 'MUX11' [C:/Users/Maciek/Documents/uklady_programowalne/reaction/reaction.srcs/sources_1/imports/new/MUX1.vhd:43]
INFO: [Synth 8-226] default block is never used [C:/Users/Maciek/Documents/uklady_programowalne/reaction/reaction.srcs/sources_1/imports/new/MUX1.vhd:48]
INFO: [Synth 8-256] done synthesizing module 'MUX11' (5#1) [C:/Users/Maciek/Documents/uklady_programowalne/reaction/reaction.srcs/sources_1/imports/new/MUX1.vhd:43]
INFO: [Synth 8-3491] module 'MUX2' declared at 'C:/Users/Maciek/Documents/uklady_programowalne/reaction/reaction.srcs/sources_1/imports/new/MUX2.vhd:34' bound to instance 's2' of component 'MUX2' [C:/Users/Maciek/Documents/uklady_programowalne/reaction/reaction.srcs/sources_1/imports/new/STEROWNIK_WYSWIETLACZ.vhd:68]
INFO: [Synth 8-638] synthesizing module 'MUX2' [C:/Users/Maciek/Documents/uklady_programowalne/reaction/reaction.srcs/sources_1/imports/new/MUX2.vhd:40]
INFO: [Synth 8-226] default block is never used [C:/Users/Maciek/Documents/uklady_programowalne/reaction/reaction.srcs/sources_1/imports/new/MUX2.vhd:45]
INFO: [Synth 8-256] done synthesizing module 'MUX2' (6#1) [C:/Users/Maciek/Documents/uklady_programowalne/reaction/reaction.srcs/sources_1/imports/new/MUX2.vhd:40]
INFO: [Synth 8-3491] module 'BINTO4' declared at 'C:/Users/Maciek/Documents/uklady_programowalne/reaction/reaction.srcs/sources_1/imports/new/BINTO4.vhd:4' bound to instance 's3' of component 'BINTO4' [C:/Users/Maciek/Documents/uklady_programowalne/reaction/reaction.srcs/sources_1/imports/new/STEROWNIK_WYSWIETLACZ.vhd:70]
INFO: [Synth 8-638] synthesizing module 'BINTO4' [C:/Users/Maciek/Documents/uklady_programowalne/reaction/reaction.srcs/sources_1/imports/new/BINTO4.vhd:9]
INFO: [Synth 8-226] default block is never used [C:/Users/Maciek/Documents/uklady_programowalne/reaction/reaction.srcs/sources_1/imports/new/BINTO4.vhd:14]
INFO: [Synth 8-256] done synthesizing module 'BINTO4' (7#1) [C:/Users/Maciek/Documents/uklady_programowalne/reaction/reaction.srcs/sources_1/imports/new/BINTO4.vhd:9]
INFO: [Synth 8-3491] module 'BINTO7SEG' declared at 'C:/Users/Maciek/Documents/uklady_programowalne/reaction/reaction.srcs/sources_1/imports/new/BINTO7SEG.vhd:34' bound to instance 's4' of component 'BINTO7SEG' [C:/Users/Maciek/Documents/uklady_programowalne/reaction/reaction.srcs/sources_1/imports/new/STEROWNIK_WYSWIETLACZ.vhd:72]
INFO: [Synth 8-638] synthesizing module 'BINTO7SEG' [C:/Users/Maciek/Documents/uklady_programowalne/reaction/reaction.srcs/sources_1/imports/new/BINTO7SEG.vhd:41]
INFO: [Synth 8-256] done synthesizing module 'BINTO7SEG' (8#1) [C:/Users/Maciek/Documents/uklady_programowalne/reaction/reaction.srcs/sources_1/imports/new/BINTO7SEG.vhd:41]
INFO: [Synth 8-256] done synthesizing module 'STEROWNIK_WYSWIETLACZ' (9#1) [C:/Users/Maciek/Documents/uklady_programowalne/reaction/reaction.srcs/sources_1/imports/new/STEROWNIK_WYSWIETLACZ.vhd:17]
INFO: [Synth 8-256] done synthesizing module 'COUNTER' (10#1) [C:/Users/Maciek/Documents/uklady_programowalne/reaction/reaction.srcs/sources_1/imports/new/COUNTER.vhd:44]
---------------------------------------------------------------------------------
Finished RTL Elaboration : Time (s): cpu = 00:00:07 ; elapsed = 00:00:09 . Memory (MB): peak = 1000.852 ; gain = 0.000
---------------------------------------------------------------------------------
---------------------------------------------------------------------------------
Start Handling Custom Attributes
---------------------------------------------------------------------------------
---------------------------------------------------------------------------------
Finished Handling Custom Attributes : Time (s): cpu = 00:00:08 ; elapsed = 00:00:10 . Memory (MB): peak = 1000.852 ; gain = 0.000
---------------------------------------------------------------------------------
---------------------------------------------------------------------------------
Finished RTL Optimization Phase 1 : Time (s): cpu = 00:00:08 ; elapsed = 00:00:10 . Memory (MB): peak = 1000.852 ; gain = 0.000
---------------------------------------------------------------------------------
Netlist sorting complete. Time (s): cpu = 00:00:00 ; elapsed = 00:00:00.004 . Memory (MB): peak = 1000.852 ; gain = 0.000
INFO: [Project 1-570] Preparing netlist for logic optimization

Processing XDC Constraints
Initializing timing engine
Parsing XDC File [C:/Users/Maciek/Documents/uklady_programowalne/reaction/reaction.srcs/constrs_1/imports/uklady_programowalne/basys3-master.xdc]
Finished Parsing XDC File [C:/Users/Maciek/Documents/uklady_programowalne/reaction/reaction.srcs/constrs_1/imports/uklady_programowalne/basys3-master.xdc]
INFO: [Project 1-236] Implementation specific constraints were found while reading constraint file [C:/Users/Maciek/Documents/uklady_programowalne/reaction/reaction.srcs/constrs_1/imports/uklady_programowalne/basys3-master.xdc]. These constraints will be ignored for synthesis but will be used in implementation. Impacted constraints are listed in the file [.Xil/COUNTER_propImpl.xdc].
Resolution: To avoid this warning, move constraints listed in [.Xil/COUNTER_propImpl.xdc] to another XDC file and exclude this new file from synthesis with the used_in_synthesis property (File Properties dialog in GUI) and re-run elaboration/synthesis.
Completed Processing XDC Constraints

Netlist sorting complete. Time (s): cpu = 00:00:00 ; elapsed = 00:00:00 . Memory (MB): peak = 1000.852 ; gain = 0.000
INFO: [Project 1-111] Unisim Transformation Summary:
No Unisim elements were transformed.

Constraint Validation Runtime : Time (s): cpu = 00:00:00 ; elapsed = 00:00:00.005 . Memory (MB): peak = 1000.852 ; gain = 0.000
---------------------------------------------------------------------------------
Finished Constraint Validation : Time (s): cpu = 00:00:16 ; elapsed = 00:00:19 . Memory (MB): peak = 1000.852 ; gain = 0.000
---------------------------------------------------------------------------------
---------------------------------------------------------------------------------
Start Loading Part and Timing Information
---------------------------------------------------------------------------------
Loading part: xc7a35tcpg236-1
---------------------------------------------------------------------------------
Finished Loading Part and Timing Information : Time (s): cpu = 00:00:16 ; elapsed = 00:00:19 . Memory (MB): peak = 1000.852 ; gain = 0.000
---------------------------------------------------------------------------------
---------------------------------------------------------------------------------
Start Applying 'set_property' XDC Constraints
---------------------------------------------------------------------------------
---------------------------------------------------------------------------------
Finished applying 'set_property' XDC Constraints : Time (s): cpu = 00:00:16 ; elapsed = 00:00:19 . Memory (MB): peak = 1000.852 ; gain = 0.000
---------------------------------------------------------------------------------
INFO: [Synth 8-802] inferred FSM for state register 'state_reg' in module 'STATE_MACHINE'
---------------------------------------------------------------------------------------------------
                   State |                     New Encoding |                Previous Encoding 
---------------------------------------------------------------------------------------------------
                  iSTATE |                              001 |                               00
                 iSTATE0 |                              010 |                               01
                 iSTATE1 |                              100 |                               10
---------------------------------------------------------------------------------------------------
INFO: [Synth 8-3354] encoded FSM with state register 'state_reg' using encoding 'one-hot' in module 'STATE_MACHINE'
---------------------------------------------------------------------------------
Finished RTL Optimization Phase 2 : Time (s): cpu = 00:00:16 ; elapsed = 00:00:19 . Memory (MB): peak = 1000.852 ; gain = 0.000
---------------------------------------------------------------------------------
---------------------------------------------------------------------------------
Start RTL Component Statistics 
---------------------------------------------------------------------------------
Detailed RTL Component Info : 
+---Adders : 
	   2 Input   16 Bit       Adders := 1     
	   2 Input   10 Bit       Adders := 1     
	   2 Input    4 Bit       Adders := 4     
	   2 Input    2 Bit       Adders := 1     
+---Registers : 
	               16 Bit    Registers := 1     
	               10 Bit    Registers := 1     
	                4 Bit    Registers := 4     
	                2 Bit    Registers := 1     
	                1 Bit    Registers := 8     
+---Muxes : 
	   3 Input   10 Bit        Muxes := 1     
	   2 Input    7 Bit        Muxes := 1     
	   2 Input    4 Bit        Muxes := 4     
	   4 Input    4 Bit        Muxes := 2     
	   2 Input    2 Bit        Muxes := 1     
	   3 Input    1 Bit        Muxes := 3     
	   2 Input    1 Bit        Muxes := 4     
	   4 Input    1 Bit        Muxes := 1     
---------------------------------------------------------------------------------
Finished RTL Component Statistics 
---------------------------------------------------------------------------------
---------------------------------------------------------------------------------
Start Part Resource Summary
---------------------------------------------------------------------------------
Part Resources:
DSPs: 90 (col length:60)
BRAMs: 100 (col length: RAMB18 60 RAMB36 30)
---------------------------------------------------------------------------------
Finished Part Resource Summary
---------------------------------------------------------------------------------
---------------------------------------------------------------------------------
Start Cross Boundary and Area Optimization
---------------------------------------------------------------------------------
---------------------------------------------------------------------------------
Finished Cross Boundary and Area Optimization : Time (s): cpu = 00:00:19 ; elapsed = 00:00:22 . Memory (MB): peak = 1000.852 ; gain = 0.000
---------------------------------------------------------------------------------
---------------------------------------------------------------------------------
Start Applying XDC Timing Constraints
---------------------------------------------------------------------------------
---------------------------------------------------------------------------------
Finished Applying XDC Timing Constraints : Time (s): cpu = 00:00:26 ; elapsed = 00:00:30 . Memory (MB): peak = 1000.852 ; gain = 0.000
---------------------------------------------------------------------------------
---------------------------------------------------------------------------------
Start Timing Optimization
---------------------------------------------------------------------------------
---------------------------------------------------------------------------------
Finished Timing Optimization : Time (s): cpu = 00:00:26 ; elapsed = 00:00:30 . Memory (MB): peak = 1000.852 ; gain = 0.000
---------------------------------------------------------------------------------
---------------------------------------------------------------------------------
Start Technology Mapping
---------------------------------------------------------------------------------
---------------------------------------------------------------------------------
Finished Technology Mapping : Time (s): cpu = 00:00:26 ; elapsed = 00:00:30 . Memory (MB): peak = 1000.852 ; gain = 0.000
---------------------------------------------------------------------------------
---------------------------------------------------------------------------------
Start IO Insertion
---------------------------------------------------------------------------------
---------------------------------------------------------------------------------
Start Flattening Before IO Insertion
---------------------------------------------------------------------------------
---------------------------------------------------------------------------------
Finished Flattening Before IO Insertion
---------------------------------------------------------------------------------
---------------------------------------------------------------------------------
Start Final Netlist Cleanup
---------------------------------------------------------------------------------
---------------------------------------------------------------------------------
Finished Final Netlist Cleanup
---------------------------------------------------------------------------------
---------------------------------------------------------------------------------
Finished IO Insertion : Time (s): cpu = 00:00:31 ; elapsed = 00:00:35 . Memory (MB): peak = 1000.852 ; gain = 0.000
---------------------------------------------------------------------------------
---------------------------------------------------------------------------------
Start Renaming Generated Instances
---------------------------------------------------------------------------------
---------------------------------------------------------------------------------
Finished Renaming Generated Instances : Time (s): cpu = 00:00:31 ; elapsed = 00:00:35 . Memory (MB): peak = 1000.852 ; gain = 0.000
---------------------------------------------------------------------------------
---------------------------------------------------------------------------------
Start Rebuilding User Hierarchy
---------------------------------------------------------------------------------
---------------------------------------------------------------------------------
Finished Rebuilding User Hierarchy : Time (s): cpu = 00:00:31 ; elapsed = 00:00:35 . Memory (MB): peak = 1000.852 ; gain = 0.000
---------------------------------------------------------------------------------
---------------------------------------------------------------------------------
Start Renaming Generated Ports
---------------------------------------------------------------------------------
---------------------------------------------------------------------------------
Finished Renaming Generated Ports : Time (s): cpu = 00:00:31 ; elapsed = 00:00:35 . Memory (MB): peak = 1000.852 ; gain = 0.000
---------------------------------------------------------------------------------
---------------------------------------------------------------------------------
Start Handling Custom Attributes
---------------------------------------------------------------------------------
---------------------------------------------------------------------------------
Finished Handling Custom Attributes : Time (s): cpu = 00:00:31 ; elapsed = 00:00:35 . Memory (MB): peak = 1000.852 ; gain = 0.000
---------------------------------------------------------------------------------
---------------------------------------------------------------------------------
Start Renaming Generated Nets
---------------------------------------------------------------------------------
---------------------------------------------------------------------------------
Finished Renaming Generated Nets : Time (s): cpu = 00:00:31 ; elapsed = 00:00:35 . Memory (MB): peak = 1000.852 ; gain = 0.000
---------------------------------------------------------------------------------
---------------------------------------------------------------------------------
Start Writing Synthesis Report
---------------------------------------------------------------------------------

Report BlackBoxes: 
+-+--------------+----------+
| |BlackBox name |Instances |
+-+--------------+----------+
+-+--------------+----------+

Report Cell Usage: 
+------+-------+------+
|      |Cell   |Count |
+------+-------+------+
|1     |BUFG   |     1|
|2     |CARRY4 |     4|
|3     |LUT1   |     6|
|4     |LUT2   |     7|
|5     |LUT3   |     8|
|6     |LUT4   |    26|
|7     |LUT5   |     8|
|8     |LUT6   |     8|
|9     |FDCE   |    24|
|10    |FDPE   |     2|
|11    |FDRE   |    28|
|12    |IBUF   |     3|
|13    |OBUF   |    13|
+------+-------+------+
---------------------------------------------------------------------------------
Finished Writing Synthesis Report : Time (s): cpu = 00:00:31 ; elapsed = 00:00:35 . Memory (MB): peak = 1000.852 ; gain = 0.000
---------------------------------------------------------------------------------
Synthesis finished with 0 errors, 0 critical warnings and 0 warnings.
Synthesis Optimization Runtime : Time (s): cpu = 00:00:20 ; elapsed = 00:00:32 . Memory (MB): peak = 1000.852 ; gain = 0.000
Synthesis Optimization Complete : Time (s): cpu = 00:00:31 ; elapsed = 00:00:35 . Memory (MB): peak = 1000.852 ; gain = 0.000
INFO: [Project 1-571] Translating synthesized netlist
Netlist sorting complete. Time (s): cpu = 00:00:00 ; elapsed = 00:00:00.001 . Memory (MB): peak = 1000.852 ; gain = 0.000
INFO: [Netlist 29-17] Analyzing 4 Unisim elements for replacement
INFO: [Netlist 29-28] Unisim Transformation completed in 0 CPU seconds
INFO: [Project 1-570] Preparing netlist for logic optimization
INFO: [Opt 31-138] Pushed 0 inverter(s) to 0 load pin(s).
Netlist sorting complete. Time (s): cpu = 00:00:00 ; elapsed = 00:00:00.001 . Memory (MB): peak = 1000.852 ; gain = 0.000
INFO: [Project 1-111] Unisim Transformation Summary:
No Unisim elements were transformed.

INFO: [Common 17-83] Releasing license: Synthesis
52 Infos, 0 Warnings, 0 Critical Warnings and 0 Errors encountered.
synth_design completed successfully
synth_design: Time (s): cpu = 00:00:40 ; elapsed = 00:00:50 . Memory (MB): peak = 1000.852 ; gain = 0.000
INFO: [Common 17-1381] The checkpoint 'C:/Users/Maciek/Documents/uklady_programowalne/reaction/reaction.runs/synth_1/COUNTER.dcp' has been generated.
INFO: [runtcl-4] Executing : report_utilization -file COUNTER_utilization_synth.rpt -pb COUNTER_utilization_synth.pb
INFO: [Common 17-206] Exiting Vivado at Sat Jun 18 19:18:12 2022...
