Vivado Simulator 2020.2
Copyright 1986-1999, 2001-2020 Xilinx, Inc. All Rights Reserved.
Running: C:/Xilinx/Vivado/2020.2/bin/unwrapped/win64.o/xelab.exe -wto caccb664181b4f099d824cb761c4a283 --incr --debug typical --relax --mt 2 -L xil_defaultlib -L secureip --snapshot test_func_synth xil_defaultlib.test -log elaborate.log 
Using 2 slave threads.
Starting static elaboration
Completed static elaboration
Starting simulation data flow analysis
Completed simulation data flow analysis
Time Resolution for simulation is 1ps
Compiling package std.standard
Compiling package std.textio
Compiling package ieee.std_logic_1164
Compiling package ieee.numeric_std
Compiling package unisim.vcomponents
Compiling package ieee.vital_timing
Compiling package ieee.vital_primitives
Compiling package unisim.vpkg
Compiling package ieee.std_logic_arith
Compiling package ieee.std_logic_signed
Compiling architecture gnd_v of entity unisim.GND [gnd_default]
Compiling architecture fdre_v of entity unisim.FDRE [fdre_default]
Compiling architecture lut1_v of entity unisim.LUT1 [\LUT1(init="0001")(0,3)\]
Compiling architecture structure of entity xil_defaultlib.modsystem_c_counter_binary_0_0_c_reg_fd_v12_0_6_viv [modsystem_c_counter_binary_0_0_c...]
Compiling architecture carry4_v of entity unisim.CARRY4 [carry4_default]
Compiling architecture structure of entity xil_defaultlib.modsystem_c_counter_binary_0_0_c_addsub_v12_0_14_lut6_legacy [modsystem_c_counter_binary_0_0_c...]
Compiling architecture structure of entity xil_defaultlib.modsystem_c_counter_binary_0_0_c_addsub_v12_0_14_fabric_legacy [modsystem_c_counter_binary_0_0_c...]
Compiling architecture structure of entity xil_defaultlib.modsystem_c_counter_binary_0_0_c_addsub_v12_0_14_legacy [modsystem_c_counter_binary_0_0_c...]
Compiling architecture structure of entity xil_defaultlib.modsystem_c_counter_binary_0_0_c_counter_binary_v12_0_14_legacy [modsystem_c_counter_binary_0_0_c...]
Compiling architecture structure of entity xil_defaultlib.modsystem_c_counter_binary_0_0_c_counter_binary_v12_0_14_viv [modsystem_c_counter_binary_0_0_c...]
Compiling architecture structure of entity xil_defaultlib.modsystem_c_counter_binary_0_0_c_counter_binary_v12_0_14 [modsystem_c_counter_binary_0_0_c...]
Compiling architecture structure of entity xil_defaultlib.modsystem_c_counter_binary_0_0 [modsystem_c_counter_binary_0_0_d...]
Compiling architecture lut3_v of entity unisim.LUT3 [\LUT3(init="00000001")(0,7)\]
Compiling architecture fdse_v of entity unisim.FDSE [fdse_default]
Compiling architecture lut3_v of entity unisim.LUT3 [\LUT3(init="00000010")(0,7)\]
Compiling architecture lut4_v of entity unisim.LUT4 [\LUT4(init="0000000000000010")(0...]
Compiling architecture lut3_v of entity unisim.LUT3 [\LUT3(init="10101011")(0,7)\]
Compiling architecture structure of entity xil_defaultlib.modsystem_modulator_0_0_modulator [modsystem_modulator_0_0_modulato...]
Compiling architecture structure of entity xil_defaultlib.modsystem_modulator_0_0 [modsystem_modulator_0_0_default]
Compiling architecture structure of entity xil_defaultlib.\modsystem_xbip_dsp48_macro_0_0_xbip_pipe_v3_0_6_viv__parameterized1\ [\modsystem_xbip_dsp48_macro_0_0_...]
Compiling architecture structure of entity xil_defaultlib.\modsystem_xbip_dsp48_macro_0_0_xbip_pipe_v3_0_6_viv__parameterized5\ [\modsystem_xbip_dsp48_macro_0_0_...]
Compiling architecture structure of entity xil_defaultlib.\modsystem_xbip_dsp48_macro_0_0_xbip_pipe_v3_0_6_viv__parameterized5_0\ [\modsystem_xbip_dsp48_macro_0_0_...]
Compiling architecture lut2_v of entity unisim.LUT2 [\LUT2(init="0010")(0,3)\]
Compiling architecture structure of entity xil_defaultlib.\modsystem_xbip_dsp48_macro_0_0_xbip_pipe_v3_0_6_viv__parameterized3\ [\modsystem_xbip_dsp48_macro_0_0_...]
Compiling architecture structure of entity xil_defaultlib.\modsystem_xbip_dsp48_macro_0_0_xbip_pipe_v3_0_6_viv__parameterized3_1\ [\modsystem_xbip_dsp48_macro_0_0_...]
Compiling architecture dsp48e1_v of entity unisim.DSP48E1 [\DSP48E1(acascreg=2,adreg=0,areg...]
Compiling architecture structure of entity xil_defaultlib.modsystem_xbip_dsp48_macro_0_0_xbip_dsp48e1_wrapper_v3_0 [modsystem_xbip_dsp48_macro_0_0_x...]
Compiling architecture lut3_v of entity unisim.LUT3 [\LUT3(init="11101010")(0,7)\]
Compiling architecture structure of entity xil_defaultlib.modsystem_xbip_dsp48_macro_0_0_xbip_dsp48_macro_synth [modsystem_xbip_dsp48_macro_0_0_x...]
Compiling architecture structure of entity xil_defaultlib.modsystem_xbip_dsp48_macro_0_0_xbip_dsp48_macro_v3_0_18_viv [modsystem_xbip_dsp48_macro_0_0_x...]
Compiling architecture structure of entity xil_defaultlib.modsystem_xbip_dsp48_macro_0_0_xbip_dsp48_macro_v3_0_18 [modsystem_xbip_dsp48_macro_0_0_x...]
Compiling architecture structure of entity xil_defaultlib.modsystem_xbip_dsp48_macro_0_0 [modsystem_xbip_dsp48_macro_0_0_d...]
Compiling architecture structure of entity xil_defaultlib.modsystem_xlslice_0_0 [modsystem_xlslice_0_0_default]
Compiling architecture structure of entity xil_defaultlib.modsystem_xlslice_1_0 [modsystem_xlslice_1_0_default]
Compiling architecture structure of entity xil_defaultlib.modsystem [modsystem_default]
Compiling architecture behavioral of entity xil_defaultlib.test
Built simulation snapshot test_func_synth
