INFO: [VRFC 10-163] Analyzing VHDL file "C:/Users/Maciek/Documents/uklady_programowalne/ipintegrator/ipintegrator.sim/sim_1/synth/func/xsim/test_func_synth.vhd" into library xil_defaultlib
INFO: [VRFC 10-3107] analyzing entity 'modsystem_modulator_0_0_modulator'
INFO: [VRFC 10-3107] analyzing entity 'modsystem_xlslice_0_0'
INFO: [VRFC 10-3107] analyzing entity 'modsystem_xlslice_1_0'
INFO: [VRFC 10-3107] analyzing entity 'modsystem_c_counter_binary_0_0_c_reg_fd_v12_0_6_viv'
INFO: [VRFC 10-3107] analyzing entity 'modsystem_xbip_dsp48_macro_0_0_xbip_dsp48e1_wrapper_v3_0'
INFO: [VRFC 10-3107] analyzing entity '\modsystem_xbip_dsp48_macro_0_0_xbip_pipe_v3_0_6_viv__parameterized1\'
INFO: [VRFC 10-3107] analyzing entity '\modsystem_xbip_dsp48_macro_0_0_xbip_pipe_v3_0_6_viv__parameterized3\'
INFO: [VRFC 10-3107] analyzing entity '\modsystem_xbip_dsp48_macro_0_0_xbip_pipe_v3_0_6_viv__parameterized3_1\'
INFO: [VRFC 10-3107] analyzing entity '\modsystem_xbip_dsp48_macro_0_0_xbip_pipe_v3_0_6_viv__parameterized5\'
INFO: [VRFC 10-3107] analyzing entity '\modsystem_xbip_dsp48_macro_0_0_xbip_pipe_v3_0_6_viv__parameterized5_0\'
INFO: [VRFC 10-3107] analyzing entity 'modsystem_modulator_0_0'
INFO: [VRFC 10-3107] analyzing entity 'modsystem_c_counter_binary_0_0_c_addsub_v12_0_14_lut6_legacy'
INFO: [VRFC 10-3107] analyzing entity 'modsystem_xbip_dsp48_macro_0_0_xbip_dsp48_macro_synth'
INFO: [VRFC 10-3107] analyzing entity 'modsystem_c_counter_binary_0_0_c_addsub_v12_0_14_fabric_legacy'
INFO: [VRFC 10-3107] analyzing entity 'modsystem_xbip_dsp48_macro_0_0_xbip_dsp48_macro_v3_0_18_viv'
INFO: [VRFC 10-3107] analyzing entity 'modsystem_xbip_dsp48_macro_0_0_xbip_dsp48_macro_v3_0_18'
INFO: [VRFC 10-3107] analyzing entity 'modsystem_c_counter_binary_0_0_c_addsub_v12_0_14_legacy'
INFO: [VRFC 10-3107] analyzing entity 'modsystem_xbip_dsp48_macro_0_0'
INFO: [VRFC 10-3107] analyzing entity 'modsystem_c_counter_binary_0_0_c_counter_binary_v12_0_14_legacy'
INFO: [VRFC 10-3107] analyzing entity 'modsystem_c_counter_binary_0_0_c_counter_binary_v12_0_14_viv'
INFO: [VRFC 10-3107] analyzing entity 'modsystem_c_counter_binary_0_0_c_counter_binary_v12_0_14'
INFO: [VRFC 10-3107] analyzing entity 'modsystem_c_counter_binary_0_0'
INFO: [VRFC 10-3107] analyzing entity 'modsystem'
INFO: [VRFC 10-3107] analyzing entity 'modsystem_wrapper'
