#-----------------------------------------------------------
# Vivado v2020.2 (64-bit)
# SW Build 3064766 on Wed Nov 18 09:12:45 MST 2020
# IP Build 3064653 on Wed Nov 18 14:17:31 MST 2020
# Start of session at: Sat May 28 16:56:59 2022
# Process ID: 10456
# Current directory: C:/Users/Maciek/Documents/uklady_programowalne/basys3 1ms timer
# Command line: vivado.exe -gui_launcher_event rodinguilauncherevent12104 C:\Users\Maciek\Documents\uklady_programowalne\basys3 1ms timer\basys3_timer.xpr
# Log file: C:/Users/Maciek/Documents/uklady_programowalne/basys3 1ms timer/vivado.log
# Journal file: C:/Users/Maciek/Documents/uklady_programowalne/basys3 1ms timer\vivado.jou
#-----------------------------------------------------------
start_gui
open_project {C:/Users/Maciek/Documents/uklady_programowalne/basys3 1ms timer/basys3_timer.xpr}
INFO: [Project 1-313] Project file moved from 'C:/Users/Maciek/Documents/basys3_timer' since last save.
INFO: [filemgmt 56-1] Board Part Repository Path: Directory not found as 'C:/Users/Maciek/Documents/AppData/Roaming/Xilinx/Vivado/2020.2/xhub/board_store/xilinx_board_store'; using path 'C:/Users/Maciek/AppData/Roaming/Xilinx/Vivado/2020.2/xhub/board_store/xilinx_board_store' instead.
WARNING: [filemgmt 56-2] Default IP Output Path : Could not find the directory 'C:/Users/Maciek/Documents/uklady_programowalne/basys3 1ms timer/basys3_timer.gen/sources_1', nor could it be found using path 'C:/Users/Maciek/Documents/basys3_timer/basys3_timer.gen/sources_1'.
Scanning sources...
Finished scanning sources
INFO: [IP_Flow 19-234] Refreshing IP repositories
INFO: [IP_Flow 19-1704] No user IP repositories specified
INFO: [IP_Flow 19-2313] Loaded Vivado IP repository 'C:/Xilinx/Vivado/2020.2/data/ip'.
open_project: Time (s): cpu = 00:00:18 ; elapsed = 00:00:08 . Memory (MB): peak = 999.906 ; gain = 0.000
update_compile_order -fileset sources_1
set_property top COUNTER [current_fileset]
update_compile_order -fileset sources_1
reset_run synth_1
launch_runs synth_1 -jobs 4
[Sat May 28 20:44:40 2022] Launched synth_1...
Run output will be captured here: C:/Users/Maciek/Documents/uklady_programowalne/basys3 1ms timer/basys3_timer.runs/synth_1/runme.log
exit
INFO: [Common 17-206] Exiting Vivado at Sat May 28 21:42:57 2022...
